Drill report for opi-hat.kicad_pcb
Created on 2024-03-12T12:42:04+0300

Copper Layer Stackup:
    =============================================================
    L1 :  Top                       front
    L2 :  Bottom                    back


Drill file 'opi-hat.drl' contains
    plated through holes:
    =============================================================
    T1  0.600mm  0.0236"  (22 holes)
    T2  0.600mm  0.0236"  (4 holes)  (with 4 slots)
    T3  0.750mm  0.0295"  (14 holes)
    T4  0.800mm  0.0315"  (4 holes)
    T5  1.000mm  0.0394"  (41 holes)
    T6  1.200mm  0.0472"  (1 hole)
    T7  1.300mm  0.0512"  (4 holes)

    Total plated holes count 90


Not plated through holes are merged with plated holes
    unplated through holes:
    =============================================================
    T8  0.650mm  0.0256"  (2 holes)
    T9  0.900mm  0.0354"  (2 holes)
    T10  3.000mm  0.1181"  (4 holes)

    Total unplated holes count 8
